18:15:34.337 [main] INFO  testCases.TC0003_VerifyMenuPanel - Verifying if the menu option 'Admin' is displayed in the menu panel...
18:15:34.346 [main] INFO  testCases.TC0003_VerifyMenuPanel - Menu option 'Admin' is available in the menu panel.
18:15:34.346 [main] INFO  testCases.TC0003_VerifyMenuPanel - ******* Finished: TC0003_VerifyMenuPanel : verifyAllAvailableMenuOptionsOnMenuPanel *********
18:15:34.523 [main] INFO  testCases.TC0003_VerifyMenuPanel - ******* Started: TC0003_VerifyMenuPanel : verifyAllAvailableMenuOptionsOnMenuPanel *********
18:15:34.588 [main] INFO  testCases.TC0003_VerifyMenuPanel - Verifying if the menu option 'PIM' is displayed in the menu panel...
18:15:34.602 [main] INFO  testCases.TC0003_VerifyMenuPanel - Menu option 'PIM' is available in the menu panel.
18:15:34.602 [main] INFO  testCases.TC0003_VerifyMenuPanel - ******* Finished: TC0003_VerifyMenuPanel : verifyAllAvailableMenuOptionsOnMenuPanel *********
18:15:34.779 [main] INFO  testCases.TC0003_VerifyMenuPanel - ******* Started: TC0003_VerifyMenuPanel : verifyAllAvailableMenuOptionsOnMenuPanel *********
18:15:35.063 [main] INFO  testCases.TC0003_VerifyMenuPanel - Verifying if the menu option 'Leavea' is displayed in the menu panel...
18:15:35.063 [main] ERROR testCases.TC0003_VerifyMenuPanel - Menu option 'Leavea' is not available in the menu panel.
18:15:35.286 [main] INFO  testCases.TC0003_VerifyMenuPanel - ******* Started: TC0003_VerifyMenuPanel : verifyAllAvailableMenuOptionsOnMenuPanel *********
18:15:35.384 [main] INFO  testCases.TC0003_VerifyMenuPanel - Verifying if the menu option 'Time' is displayed in the menu panel...
18:15:35.385 [main] INFO  testCases.TC0003_VerifyMenuPanel - Menu option 'Time' is available in the menu panel.
18:15:35.385 [main] INFO  testCases.TC0003_VerifyMenuPanel - ******* Finished: TC0003_VerifyMenuPanel : verifyAllAvailableMenuOptionsOnMenuPanel *********
18:15:35.549 [main] INFO  testCases.TC0003_VerifyMenuPanel - ******* Started: TC0003_VerifyMenuPanel : verifyAllAvailableMenuOptionsOnMenuPanel *********
18:15:35.664 [main] INFO  testCases.TC0003_VerifyMenuPanel - Verifying if the menu option 'Recruitment' is displayed in the menu panel...
18:15:35.664 [main] INFO  testCases.TC0003_VerifyMenuPanel - Menu option 'Recruitment' is available in the menu panel.
18:15:35.664 [main] INFO  testCases.TC0003_VerifyMenuPanel - ******* Finished: TC0003_VerifyMenuPanel : verifyAllAvailableMenuOptionsOnMenuPanel *********
18:15:35.840 [main] INFO  testCases.TC0003_VerifyMenuPanel - ******* Started: TC0003_VerifyMenuPanel : verifyAllAvailableMenuOptionsOnMenuPanel *********
18:15:36.032 [main] INFO  testCases.TC0003_VerifyMenuPanel - Verifying if the menu option 'My Info' is displayed in the menu panel...
18:15:36.033 [main] INFO  testCases.TC0003_VerifyMenuPanel - Menu option 'My Info' is available in the menu panel.
18:15:36.033 [main] INFO  testCases.TC0003_VerifyMenuPanel - ******* Finished: TC0003_VerifyMenuPanel : verifyAllAvailableMenuOptionsOnMenuPanel *********
18:15:36.214 [main] INFO  testCases.TC0003_VerifyMenuPanel - ******* Started: TC0003_VerifyMenuPanel : verifyAllAvailableMenuOptionsOnMenuPanel *********
18:15:36.352 [main] INFO  testCases.TC0003_VerifyMenuPanel - Verifying if the menu option 'Performance' is displayed in the menu panel...
18:15:36.352 [main] INFO  testCases.TC0003_VerifyMenuPanel - Menu option 'Performance' is available in the menu panel.
18:15:36.353 [main] INFO  testCases.TC0003_VerifyMenuPanel - ******* Finished: TC0003_VerifyMenuPanel : verifyAllAvailableMenuOptionsOnMenuPanel *********
18:15:36.546 [main] INFO  testCases.TC0003_VerifyMenuPanel - ******* Started: TC0003_VerifyMenuPanel : verifyAllAvailableMenuOptionsOnMenuPanel *********
18:15:36.797 [main] INFO  testCases.TC0003_VerifyMenuPanel - Verifying if the menu option 'Dashboard' is displayed in the menu panel...
18:15:36.797 [main] INFO  testCases.TC0003_VerifyMenuPanel - Menu option 'Dashboard' is available in the menu panel.
18:15:36.797 [main] INFO  testCases.TC0003_VerifyMenuPanel - ******* Finished: TC0003_VerifyMenuPanel : verifyAllAvailableMenuOptionsOnMenuPanel *********
18:15:36.989 [main] INFO  testCases.TC0003_VerifyMenuPanel - ******* Started: TC0003_VerifyMenuPanel : verifyAllAvailableMenuOptionsOnMenuPanel *********
18:15:37.255 [main] INFO  testCases.TC0003_VerifyMenuPanel - Verifying if the menu option 'Directory' is displayed in the menu panel...
18:15:37.256 [main] INFO  testCases.TC0003_VerifyMenuPanel - Menu option 'Directory' is available in the menu panel.
18:15:37.256 [main] INFO  testCases.TC0003_VerifyMenuPanel - ******* Finished: TC0003_VerifyMenuPanel : verifyAllAvailableMenuOptionsOnMenuPanel *********
18:15:37.437 [main] INFO  testCases.TC0003_VerifyMenuPanel - ******* Started: TC0003_VerifyMenuPanel : verifyAllAvailableMenuOptionsOnMenuPanel *********
18:15:37.736 [main] INFO  testCases.TC0003_VerifyMenuPanel - Verifying if the menu option 'Maintenance' is displayed in the menu panel...
18:15:37.737 [main] INFO  testCases.TC0003_VerifyMenuPanel - Menu option 'Maintenance' is available in the menu panel.
18:15:37.737 [main] INFO  testCases.TC0003_VerifyMenuPanel - ******* Finished: TC0003_VerifyMenuPanel : verifyAllAvailableMenuOptionsOnMenuPanel *********
18:15:37.906 [main] INFO  testCases.TC0003_VerifyMenuPanel - ******* Started: TC0003_VerifyMenuPanel : verifyAllAvailableMenuOptionsOnMenuPanel *********
18:15:38.179 [main] INFO  testCases.TC0003_VerifyMenuPanel - Verifying if the menu option 'Claima' is displayed in the menu panel...
18:15:38.179 [main] ERROR testCases.TC0003_VerifyMenuPanel - Menu option 'Claima' is not available in the menu panel.
18:15:38.388 [main] INFO  testCases.TC0003_VerifyMenuPanel - ******* Started: TC0003_VerifyMenuPanel : verifyAllAvailableMenuOptionsOnMenuPanel *********
18:15:38.664 [main] INFO  testCases.TC0003_VerifyMenuPanel - Verifying if the menu option 'Buzz' is displayed in the menu panel...
18:15:38.664 [main] INFO  testCases.TC0003_VerifyMenuPanel - Menu option 'Buzz' is available in the menu panel.
18:15:38.664 [main] INFO  testCases.TC0003_VerifyMenuPanel - ******* Finished: TC0003_VerifyMenuPanel : verifyAllAvailableMenuOptionsOnMenuPanel *********
18:15:38.849 [main] INFO  testCases.TC0003_VerifyMenuPanel - ******* Started: TC0003_VerifyMenuPanel : verifySearchBoxFunctionality *********
18:15:38.851 [main] INFO  testCases.TC0003_VerifyMenuPanel - Retrieving the expected menu name from properties file...
18:15:38.852 [main] INFO  testCases.TC0003_VerifyMenuPanel - Entering the expected menu name 'Leave' in the search box...
18:15:39.112 [main] INFO  testCases.TC0003_VerifyMenuPanel - Retrieving all menu names from the menu panel...
18:15:39.147 [main] INFO  testCases.TC0003_VerifyMenuPanel - Verifying if the expected menu name 'Leave' is present in the menu panel...
18:15:39.148 [main] INFO  testCases.TC0003_VerifyMenuPanel - Search box functionality is working correctly. Expected menu: 'Leave', Found menu: '[Leave]'.
18:15:39.149 [main] INFO  testCases.TC0003_VerifyMenuPanel - ******* Finished: TC0003_VerifyMenuPanel : verifySearchBoxFunctionality *********
