13:14:25.176 [main] DEBUG org.apache.poi.openxml4j.opc.PackageRelationshipCollection - Parsing relationship: /xl/_rels/workbook.xml.rels
13:14:25.185 [main] DEBUG org.apache.poi.openxml4j.opc.PackageRelationshipCollection - Parsing relationship: /_rels/.rels
13:14:25.241 [main] DEBUG org.apache.poi.openxml4j.opc.PackageRelationshipCollection - Parsing relationship: /xl/_rels/workbook.xml.rels
13:14:25.241 [main] DEBUG org.apache.poi.openxml4j.opc.PackageRelationshipCollection - Parsing relationship: /_rels/.rels
13:14:25.276 [main] DEBUG org.apache.poi.openxml4j.opc.PackageRelationshipCollection - Parsing relationship: /xl/_rels/workbook.xml.rels
13:14:25.281 [main] DEBUG org.apache.poi.openxml4j.opc.PackageRelationshipCollection - Parsing relationship: /_rels/.rels
13:14:25.304 [main] DEBUG org.apache.poi.openxml4j.opc.PackageRelationshipCollection - Parsing relationship: /xl/_rels/workbook.xml.rels
13:14:25.304 [main] DEBUG org.apache.poi.openxml4j.opc.PackageRelationshipCollection - Parsing relationship: /_rels/.rels
13:14:25.328 [main] DEBUG org.apache.poi.openxml4j.opc.PackageRelationshipCollection - Parsing relationship: /xl/_rels/workbook.xml.rels
13:14:25.335 [main] DEBUG org.apache.poi.openxml4j.opc.PackageRelationshipCollection - Parsing relationship: /_rels/.rels
13:14:25.365 [main] DEBUG org.apache.poi.openxml4j.opc.PackageRelationshipCollection - Parsing relationship: /xl/_rels/workbook.xml.rels
13:14:25.368 [main] DEBUG org.apache.poi.openxml4j.opc.PackageRelationshipCollection - Parsing relationship: /_rels/.rels
13:14:25.405 [main] DEBUG org.apache.poi.openxml4j.opc.PackageRelationshipCollection - Parsing relationship: /xl/_rels/workbook.xml.rels
13:14:25.407 [main] DEBUG org.apache.poi.openxml4j.opc.PackageRelationshipCollection - Parsing relationship: /_rels/.rels
13:14:25.427 [main] DEBUG org.apache.poi.openxml4j.opc.PackageRelationshipCollection - Parsing relationship: /xl/_rels/workbook.xml.rels
13:14:25.427 [main] DEBUG org.apache.poi.openxml4j.opc.PackageRelationshipCollection - Parsing relationship: /_rels/.rels
13:14:25.472 [main] DEBUG org.apache.poi.openxml4j.opc.PackageRelationshipCollection - Parsing relationship: /xl/_rels/workbook.xml.rels
13:14:25.474 [main] DEBUG org.apache.poi.openxml4j.opc.PackageRelationshipCollection - Parsing relationship: /_rels/.rels
13:14:25.506 [main] DEBUG org.apache.poi.openxml4j.opc.PackageRelationshipCollection - Parsing relationship: /xl/_rels/workbook.xml.rels
13:14:25.515 [main] DEBUG org.apache.poi.openxml4j.opc.PackageRelationshipCollection - Parsing relationship: /_rels/.rels
13:14:25.537 [main] DEBUG org.apache.poi.openxml4j.opc.PackageRelationshipCollection - Parsing relationship: /xl/_rels/workbook.xml.rels
13:14:25.548 [main] DEBUG org.apache.poi.openxml4j.opc.PackageRelationshipCollection - Parsing relationship: /_rels/.rels
13:14:25.569 [main] INFO  testCases.TC002_ValidateLoginFunctionality - ********** Starting TC002_ValidateLoginFunctionality : verifyLogin ************
13:14:25.569 [main] INFO  testCases.TC002_ValidateLoginFunctionality - Entering username: Admin
13:14:25.717 [main] INFO  testCases.TC002_ValidateLoginFunctionality - Entering password. admin123
13:14:25.841 [main] INFO  testCases.TC002_ValidateLoginFunctionality - Clicking on Login button.
13:14:25.971 [main] INFO  testCases.TC002_ValidateLoginFunctionality - Checking if Dashboard is loaded...
13:14:27.390 [main] INFO  testCases.TC002_ValidateLoginFunctionality - Expected login result: VALID 
13:14:27.390 [main] INFO  testCases.TC002_ValidateLoginFunctionality - Login successful for valid credentials.
13:14:29.496 [main] INFO  testCases.TC002_ValidateLoginFunctionality - Logged out successfully.
13:14:29.496 [main] INFO  testCases.TC002_ValidateLoginFunctionality - ********** Finished TC002_ValidateLoginFunctionality : verifyLogin ************
13:14:29.520 [main] INFO  testCases.TC002_ValidateLoginFunctionality - ********** Starting TC002_ValidateLoginFunctionality : verifyLogin ************
13:14:29.521 [main] INFO  testCases.TC002_ValidateLoginFunctionality - Entering username: admin
13:14:29.904 [main] INFO  testCases.TC002_ValidateLoginFunctionality - Entering password. Admin1234
13:14:30.043 [main] INFO  testCases.TC002_ValidateLoginFunctionality - Clicking on Login button.
13:14:30.139 [main] INFO  testCases.TC002_ValidateLoginFunctionality - Checking if Dashboard is loaded...
13:14:41.170 [main] INFO  testCases.TC002_ValidateLoginFunctionality - Expected login result: INVALID
13:14:41.170 [main] INFO  testCases.TC002_ValidateLoginFunctionality - Login failed as expected for invalid credentials.
13:14:41.217 [main] ERROR testCases.TC002_ValidateLoginFunctionality - Checking error message with invalid credentials.
13:14:41.217 [main] INFO  testCases.TC002_ValidateLoginFunctionality - Error message displayed : Invalid credentials
13:14:41.217 [main] INFO  testCases.TC002_ValidateLoginFunctionality - ********** Finished TC002_ValidateLoginFunctionality : verifyLogin ************
13:14:41.233 [main] INFO  testCases.TC002_ValidateLoginFunctionality - ********** Starting TC002_ValidateLoginFunctionality : verifyLogin ************
13:14:41.233 [main] INFO  testCases.TC002_ValidateLoginFunctionality - Entering username: Admin
13:14:41.390 [main] INFO  testCases.TC002_ValidateLoginFunctionality - Entering password. Admin1234
13:14:41.537 [main] INFO  testCases.TC002_ValidateLoginFunctionality - Clicking on Login button.
13:14:42.604 [main] INFO  testCases.TC002_ValidateLoginFunctionality - Checking if Dashboard is loaded...
13:14:52.654 [main] INFO  testCases.TC002_ValidateLoginFunctionality - Expected login result: INVALID
13:14:52.654 [main] INFO  testCases.TC002_ValidateLoginFunctionality - Login failed as expected for invalid credentials.
13:14:52.684 [main] ERROR testCases.TC002_ValidateLoginFunctionality - Checking error message with invalid credentials.
13:14:52.684 [main] INFO  testCases.TC002_ValidateLoginFunctionality - Error message displayed : Invalid credentials
13:14:52.684 [main] INFO  testCases.TC002_ValidateLoginFunctionality - ********** Finished TC002_ValidateLoginFunctionality : verifyLogin ************
13:14:52.700 [main] INFO  testCases.TC002_ValidateLoginFunctionality - ********** Starting TC002_ValidateLoginFunctionality : verifyLogin ************
13:14:52.700 [main] INFO  testCases.TC002_ValidateLoginFunctionality - Entering username: admin
13:14:52.822 [main] INFO  testCases.TC002_ValidateLoginFunctionality - Entering password. admin123
13:14:52.985 [main] INFO  testCases.TC002_ValidateLoginFunctionality - Clicking on Login button.
13:14:53.139 [main] INFO  testCases.TC002_ValidateLoginFunctionality - Checking if Dashboard is loaded...
13:14:54.732 [main] INFO  testCases.TC002_ValidateLoginFunctionality - Expected login result: VALID 
13:14:54.732 [main] INFO  testCases.TC002_ValidateLoginFunctionality - Login successful for valid credentials.
13:14:57.273 [main] INFO  testCases.TC002_ValidateLoginFunctionality - Logged out successfully.
13:14:57.274 [main] INFO  testCases.TC002_ValidateLoginFunctionality - ********** Finished TC002_ValidateLoginFunctionality : verifyLogin ************
13:15:02.880 [main] INFO  testCases.TC003_ValidateAdminMainPage - ******* Started: TC003_ValidateAdminMainPage : login *********
13:15:02.880 [main] INFO  testCases.TC003_ValidateAdminMainPage - Entering username: Admin
13:15:03.429 [main] INFO  testCases.TC003_ValidateAdminMainPage - Entering password: admin123
13:15:03.562 [main] INFO  testCases.TC003_ValidateAdminMainPage - Clicking on Login button.
13:15:05.183 [main] INFO  testCases.TC003_ValidateAdminMainPage - Login successful for valid credentials.
13:15:05.183 [main] INFO  testCases.TC003_ValidateAdminMainPage - ******* Finished: TC003_ValidateAdminMainPage : login *********
13:15:05.191 [main] INFO  testCases.TC003_ValidateAdminMainPage - ******* Started: TC003_ValidateAdminMainPage : clickAdminMenu *********
13:15:05.191 [main] INFO  testCases.TC003_ValidateAdminMainPage - Clicked Admin menu successfully.
13:15:06.538 [main] INFO  testCases.TC003_ValidateAdminMainPage - ******* Finished: TC003_ValidateAdminMainPage : clickAdminMenu *********
13:15:06.545 [main] INFO  testCases.TC003_ValidateAdminMainPage - ******* Started: TC003_ValidateAdminMainPage : verifySystemUser *********
13:15:06.877 [main] INFO  testCases.TC003_ValidateAdminMainPage - System User displayed successfully.
13:15:06.877 [main] INFO  testCases.TC003_ValidateAdminMainPage - ******* Finished: TC003_ValidateAdminMainPage : verifySystemUser *********
13:15:12.415 [main] INFO  testCases.TC004_SearchUsersFunctionality - ******* Started: TC004_SearchUsersFunctionality : login *********
13:15:12.416 [main] INFO  testCases.TC004_SearchUsersFunctionality - Entering username: Admin
13:15:12.872 [main] INFO  testCases.TC004_SearchUsersFunctionality - Entering password: admin123
13:15:13.022 [main] INFO  testCases.TC004_SearchUsersFunctionality - Clicking on Login button.
13:15:14.628 [main] INFO  testCases.TC004_SearchUsersFunctionality - Login successful for valid credentials.
13:15:14.629 [main] INFO  testCases.TC004_SearchUsersFunctionality - ******* Finished: TC004_SearchUsersFunctionality : login *********
13:15:14.633 [main] INFO  testCases.TC004_SearchUsersFunctionality - ******* Started: TC004_SearchUsersFunctionality : clickUserManagementMenu *********
13:15:14.633 [main] INFO  testCases.TC004_SearchUsersFunctionality - Click on Admin Menu
13:15:15.771 [main] INFO  testCases.TC004_SearchUsersFunctionality - Click on User Management dropdown
13:15:17.004 [main] INFO  testCases.TC004_SearchUsersFunctionality - Validating System User heading is display
13:15:17.004 [main] INFO  testCases.TC004_SearchUsersFunctionality - System User displayed successfully.
13:15:17.005 [main] INFO  testCases.TC004_SearchUsersFunctionality - ******* Finished: TC004_SearchUsersFunctionality : clickUserManagementMenu *********
